<?xml version="1.0" encoding="UTF-8"?>
<!-- Generated by org.testng.reporters.JUnitReportReporter -->
<testsuite hostname="LTIN293721" failures="0" tests="5" name="testCases.TC_002_Courses" time="14.652" errors="0" timestamp="2024-02-08T12:39:44 IST" skipped="0">
  <testcase classname="testCases.TC_002_Courses" name="verify_SearchIcon" time="0.135"/>
  <testcase classname="testCases.TC_002_Courses" name="search_courses" time="13.469"/>
  <testcase classname="testCases.TC_002_Courses" name="select_levels" time="0.387"/>
  <testcase classname="testCases.TC_002_Courses" name="select_langs" time="0.647"/>
  <testcase classname="testCases.TC_002_Courses" name="scrollUp" time="0.014"/>
</testsuite> <!-- testCases.TC_002_Courses -->
