<?xml version="1.0" encoding="UTF-8"?>
<!-- Generated by org.testng.reporters.JUnitReportReporter -->
<testsuite hostname="LTIN293721" failures="0" tests="4" name="testCases.TC_005_FormFilling" time="30.017" errors="0" timestamp="2024-02-08T12:39:44 IST" skipped="0">
  <testcase classname="testCases.TC_005_FormFilling" name="Enterprise" time="17.406"/>
  <testcase classname="testCases.TC_005_FormFilling" name="form" time="3.504"/>
  <testcase classname="testCases.TC_005_FormFilling" name="startfillingform" time="5.053"/>
  <testcase classname="testCases.TC_005_FormFilling" name="messageDisplay" time="4.054"/>
</testsuite> <!-- testCases.TC_005_FormFilling -->
