<?xml version="1.0" encoding="UTF-8"?>
<!-- Generated by org.testng.reporters.JUnitReportReporter -->
<testsuite hostname="LTIN293721" failures="0" tests="2" name="testCases.TC_001_CourseraPage" time="0.486" errors="0" timestamp="2024-02-08T12:39:44 IST" skipped="0">
  <testcase classname="testCases.TC_001_CourseraPage" name="check_survey_visibility" time="0.424"/>
  <testcase classname="testCases.TC_001_CourseraPage" name="Verify_CourseraPage" time="0.062"/>
</testsuite> <!-- testCases.TC_001_CourseraPage -->
