<?xml version="1.0" encoding="UTF-8"?>
<!-- Generated by org.testng.reporters.JUnitReportReporter -->
<testsuite hostname="LTIN293721" failures="0" tests="1" name="testCases.TC_003_WebDevelopmentCourses" time="0.946" errors="0" timestamp="2024-02-08T12:39:44 IST" skipped="0">
  <testcase classname="testCases.TC_003_WebDevelopmentCourses" name="course_name" time="0.946"/>
</testsuite> <!-- testCases.TC_003_WebDevelopmentCourses -->
