<?xml version="1.0" encoding="UTF-8"?>
<!-- Generated by org.testng.reporters.JUnitReportReporter -->
<testsuite hostname="LTIN293721" failures="0" tests="6" name="testCases.TC_004_LanguageLearning" time="269.716" errors="0" timestamp="2024-02-08T12:39:44 IST" skipped="0">
  <testcase classname="testCases.TC_004_LanguageLearning" name="search_Language" time="8.538"/>
  <testcase classname="testCases.TC_004_LanguageLearning" name="show_FirstCourses" time="67.569"/>
  <testcase classname="testCases.TC_004_LanguageLearning" name="show_SecondCourses" time="63.758"/>
  <testcase classname="testCases.TC_004_LanguageLearning" name="show_ThirdCourses" time="43.351"/>
  <testcase classname="testCases.TC_004_LanguageLearning" name="show_FourthCourses" time="43.103"/>
  <testcase classname="testCases.TC_004_LanguageLearning" name="show_Courses" time="43.397"/>
</testsuite> <!-- testCases.TC_004_LanguageLearning -->
