<?xml version="1.0" encoding="UTF-8"?>
<!-- Generated by org.testng.reporters.JUnitReportReporter -->
<testsuite hostname="LTIN293721" failures="0" tests="6" name="testCases.TC_004_LanguageLearning" time="0.000" errors="0" timestamp="2024-02-08T15:06:28 IST" skipped="6">
  <testcase classname="testCases.TC_004_LanguageLearning" name="search_Language" time="0.000">
    <skipped/>
  </testcase> <!-- search_Language -->
  <testcase classname="testCases.TC_004_LanguageLearning" name="show_FirstCourses" time="0.000">
    <skipped/>
  </testcase> <!-- show_FirstCourses -->
  <testcase classname="testCases.TC_004_LanguageLearning" name="show_SecondCourses" time="0.000">
    <skipped/>
  </testcase> <!-- show_SecondCourses -->
  <testcase classname="testCases.TC_004_LanguageLearning" name="show_ThirdCourses" time="0.000">
    <skipped/>
  </testcase> <!-- show_ThirdCourses -->
  <testcase classname="testCases.TC_004_LanguageLearning" name="show_FourthCourses" time="0.000">
    <skipped/>
  </testcase> <!-- show_FourthCourses -->
  <testcase classname="testCases.TC_004_LanguageLearning" name="show_Courses" time="0.000">
    <skipped/>
  </testcase> <!-- show_Courses -->
</testsuite> <!-- testCases.TC_004_LanguageLearning -->
