<?xml version="1.0" encoding="UTF-8"?>
<!-- Generated by org.testng.reporters.JUnitReportReporter -->
<testsuite hostname="LTIN293721" failures="0" tests="4" name="testCases.TC_005_FormFilling" time="0.000" errors="0" timestamp="2024-02-08T15:06:28 IST" skipped="4">
  <testcase classname="testCases.TC_005_FormFilling" name="Enterprise" time="0.000">
    <skipped/>
  </testcase> <!-- Enterprise -->
  <testcase classname="testCases.TC_005_FormFilling" name="form" time="0.000">
    <skipped/>
  </testcase> <!-- form -->
  <testcase classname="testCases.TC_005_FormFilling" name="startfillingform" time="0.000">
    <skipped/>
  </testcase> <!-- startfillingform -->
  <testcase classname="testCases.TC_005_FormFilling" name="messageDisplay" time="0.000">
    <skipped/>
  </testcase> <!-- messageDisplay -->
</testsuite> <!-- testCases.TC_005_FormFilling -->
