<?xml version="1.0" encoding="UTF-8"?>
<!-- Generated by org.testng.reporters.JUnitReportReporter -->
<testsuite hostname="LTIN293721" failures="0" tests="5" name="testCases.TC_002_Courses" time="0.000" errors="0" timestamp="2024-02-08T15:06:28 IST" skipped="5">
  <testcase classname="testCases.TC_002_Courses" name="verify_SearchIcon" time="0.000">
    <skipped/>
  </testcase> <!-- verify_SearchIcon -->
  <testcase classname="testCases.TC_002_Courses" name="search_courses" time="0.000">
    <skipped/>
  </testcase> <!-- search_courses -->
  <testcase classname="testCases.TC_002_Courses" name="select_levels" time="0.000">
    <skipped/>
  </testcase> <!-- select_levels -->
  <testcase classname="testCases.TC_002_Courses" name="select_langs" time="0.000">
    <skipped/>
  </testcase> <!-- select_langs -->
  <testcase classname="testCases.TC_002_Courses" name="scrollUp" time="0.000">
    <skipped/>
  </testcase> <!-- scrollUp -->
</testsuite> <!-- testCases.TC_002_Courses -->
