<?xml version="1.0" encoding="UTF-8"?>
<!-- Generated by org.testng.reporters.JUnitReportReporter -->
<testsuite hostname="LTIN293721" failures="0" tests="1" name="testCases.TC_003_WebDevelopmentCourses" time="0.000" errors="0" timestamp="2024-02-08T15:06:28 IST" skipped="1">
  <testcase classname="testCases.TC_003_WebDevelopmentCourses" name="course_name" time="0.000">
    <skipped/>
  </testcase> <!-- course_name -->
</testsuite> <!-- testCases.TC_003_WebDevelopmentCourses -->
